\BOOKMARK [0][-]{chapter.1}{序論}{}% 1
\BOOKMARK [1][-]{section.1.1}{研究背景}{chapter.1}% 2
\BOOKMARK [1][-]{section.1.2}{本研究の目的}{chapter.1}% 3
\BOOKMARK [1][-]{section.1.3}{本論文の構成}{chapter.1}% 4
\BOOKMARK [0][-]{chapter.2}{関連研究}{}% 5
\BOOKMARK [1][-]{section.2.1}{先行研究}{chapter.2}% 6
\BOOKMARK [2][-]{subsection.2.1.1}{文章の視覚認知に関する研究}{section.2.1}% 7
\BOOKMARK [2][-]{subsection.2.1.2}{文章の読みやすさに関する研究}{section.2.1}% 8
\BOOKMARK [1][-]{section.2.2}{Web上の文章の特色}{chapter.2}% 9
\BOOKMARK [1][-]{section.2.3}{ライブラリ}{chapter.2}% 10
\BOOKMARK [2][-]{subsection.2.3.1}{拡張機能}{section.2.3}% 11
\BOOKMARK [1][-]{section.2.4}{まとめ}{chapter.2}% 12
\BOOKMARK [0][-]{chapter.3}{設計と実装}{}% 13
\BOOKMARK [1][-]{section.3.1}{システムの定義}{chapter.3}% 14
\BOOKMARK [1][-]{section.3.2}{ReaderLintの機能}{chapter.3}% 15
\BOOKMARK [1][-]{section.3.3}{基本構成}{chapter.3}% 16
\BOOKMARK [1][-]{section.3.4}{実装}{chapter.3}% 17
\BOOKMARK [2][-]{subsection.3.4.1}{DOMの取得}{section.3.4}% 18
\BOOKMARK [2][-]{subsection.3.4.2}{文章の折返し箇所の自動検出}{section.3.4}% 19
\BOOKMARK [2][-]{subsection.3.4.3}{ASTを用いた文章解析}{section.3.4}% 20
\BOOKMARK [2][-]{subsection.3.4.4}{視認性を損ねた改行位置の処理}{section.3.4}% 21
\BOOKMARK [2][-]{subsection.3.4.5}{ウィンドウサイズ変更による改行位置のズレの検出}{section.3.4}% 22
\BOOKMARK [1][-]{section.3.5}{まとめ}{chapter.3}% 23
\BOOKMARK [0][-]{chapter.4}{考察}{}% 24
\BOOKMARK [1][-]{section.4.1}{評価}{chapter.4}% 25
\BOOKMARK [2][-]{subsection.4.1.1}{筆者の運用,利用における意見}{section.4.1}% 26
\BOOKMARK [1][-]{section.4.2}{まとめ}{chapter.4}% 27
\BOOKMARK [0][-]{chapter.5}{結論}{}% 28
\BOOKMARK [1][-]{section.5.1}{研究の成果}{chapter.5}% 29
\BOOKMARK [1][-]{section.5.2}{総括}{chapter.5}% 30
\BOOKMARK [0][-]{section.5.2}{謝辞}{}% 31
\BOOKMARK [0][-]{chapter*.5}{参考文献}{}% 32
